<?xml version="1.0" encoding="UTF-8"?>
<testng-results ignored="0" total="1" passed="1" failed="0" skipped="0">
  <reporter-output>
  </reporter-output>
  <suite started-at="2024-04-13T17:00:41 IST" name="Default suite" finished-at="2024-04-13T17:02:05 IST" duration-ms="84228">
    <groups>
    </groups>
    <test started-at="2024-04-13T17:00:41 IST" name="Default test" finished-at="2024-04-13T17:02:05 IST" duration-ms="84228">
      <class name="TestScript.ProductSortByNameTC16">
        <test-method is-config="true" signature="LaunchBrowser()[pri:0, instance:TestScript.ProductSortByNameTC16@272113c4]" started-at="2024-04-13T17:00:41 IST" name="LaunchBrowser" finished-at="2024-04-13T17:00:47 IST" duration-ms="5510" status="PASS">
          <reporter-output>
          </reporter-output>
        </test-method> <!-- LaunchBrowser -->
        <test-method signature="SortByName()[pri:0, instance:TestScript.ProductSortByNameTC16@272113c4]" started-at="2024-04-13T17:00:47 IST" name="SortByName" finished-at="2024-04-13T17:02:05 IST" duration-ms="78611" status="PASS">
          <reporter-output>
          </reporter-output>
        </test-method> <!-- SortByName -->
      </class> <!-- TestScript.ProductSortByNameTC16 -->
    </test> <!-- Default test -->
  </suite> <!-- Default suite -->
</testng-results>
